2026-06-08 13:33:31 | INFO     | trading_bot.cli | Connecting to Binance Spot Testnet...
2026-06-08 13:33:31 | DEBUG    | trading_bot.client | BinanceClient initialised (testnet: https://testnet.binance.vision)
2026-06-08 13:33:31 | DEBUG    | trading_bot.client | Ping successful
2026-06-08 13:33:31 | INFO     | trading_bot.cli | Connected!
2026-06-08 13:33:31 | INFO     | trading_bot.orders | Order request: {'symbol': 'BTCUSDT', 'side': 'BUY', 'order_type': 'MARKET', 'quantity': 0.001}
2026-06-08 13:33:31 | INFO     | trading_bot.client | Placing BUY MARKET order | symbol=BTCUSDT qty=0.001 price=None stopPrice=None
2026-06-08 13:33:31 | DEBUG    | trading_bot.client | POST https://testnet.binance.vision/api/v3/order | params: {'symbol': 'BTCUSDT', 'side': 'BUY', 'type': 'MARKET', 'quantity': 0.001, 'timestamp': 1780905811614, 'recvWindow': 5000}
2026-06-08 13:33:31 | DEBUG    | trading_bot.client | Response status: 200 | body: {"symbol":"BTCUSDT","orderId":1885339,"orderListId":-1,"clientOrderId":"bn75oLGMPtgeDKoXiHAse5","transactTime":1780905811691,"price":"0.00000000","origQty":"0.00100000","executedQty":"0.00100000","origQuoteOrderQty":"0.00000000","cummulativeQuoteQty":"63.23200000","status":"FILLED","timeInForce":"GTC","type":"MARKET","side":"BUY","workingTime":1780905811691,"fills":[{"price":"63232.00000000","qty":"0.00100000","commission":"0.00000000","commissionAsset":"BTC","tradeId":543508}],"selfTradePrevent
2026-06-08 13:33:31 | INFO     | trading_bot.client | Order placed successfully | orderId=1885339 status=FILLED
2026-06-08 13:33:31 | INFO     | trading_bot.orders | Order response: {'symbol': 'BTCUSDT', 'orderId': 1885339, 'orderListId': -1, 'clientOrderId': 'bn75oLGMPtgeDKoXiHAse5', 'transactTime': 1780905811691, 'price': '0.00000000', 'origQty': '0.00100000', 'executedQty': '0.00100000', 'origQuoteOrderQty': '0.00000000', 'cummulativeQuoteQty': '63.23200000', 'status': 'FILLED', 'timeInForce': 'GTC', 'type': 'MARKET', 'side': 'BUY', 'workingTime': 1780905811691, 'fills': [{'price': '63232.00000000', 'qty': '0.00100000', 'commission': '0.00000000', 'commissionAsset': 'BTC', 'tradeId': 543508}], 'selfTradePreventionMode': 'EXPIRE_MAKER'}
2026-06-08 13:33:39 | INFO     | trading_bot.cli | Connecting to Binance Spot Testnet...
2026-06-08 13:33:39 | DEBUG    | trading_bot.client | BinanceClient initialised (testnet: https://testnet.binance.vision)
2026-06-08 13:33:40 | DEBUG    | trading_bot.client | Ping successful
2026-06-08 13:33:40 | INFO     | trading_bot.cli | Connected!
2026-06-08 13:33:40 | INFO     | trading_bot.orders | Order request: {'symbol': 'BTCUSDT', 'side': 'SELL', 'order_type': 'LIMIT', 'quantity': 0.001, 'price': 100000.0}
2026-06-08 13:33:40 | INFO     | trading_bot.client | Placing SELL LIMIT order | symbol=BTCUSDT qty=0.001 price=100000.0 stopPrice=None
2026-06-08 13:33:40 | DEBUG    | trading_bot.client | POST https://testnet.binance.vision/api/v3/order | params: {'symbol': 'BTCUSDT', 'side': 'SELL', 'type': 'LIMIT', 'quantity': 0.001, 'price': 100000.0, 'timeInForce': 'GTC', 'timestamp': 1780905820315, 'recvWindow': 5000}
2026-06-08 13:33:40 | DEBUG    | trading_bot.client | Response status: 200 | body: {"symbol":"BTCUSDT","orderId":1885369,"orderListId":-1,"clientOrderId":"wjtSqjSskJyukkew1WBaG2","transactTime":1780905820394,"price":"100000.00000000","origQty":"0.00100000","executedQty":"0.00000000","origQuoteOrderQty":"0.00000000","cummulativeQuoteQty":"0.00000000","status":"NEW","timeInForce":"GTC","type":"LIMIT","side":"SELL","workingTime":1780905820394,"fills":[],"selfTradePreventionMode":"EXPIRE_MAKER"}
2026-06-08 13:33:40 | INFO     | trading_bot.client | Order placed successfully | orderId=1885369 status=NEW
2026-06-08 13:33:40 | INFO     | trading_bot.orders | Order response: {'symbol': 'BTCUSDT', 'orderId': 1885369, 'orderListId': -1, 'clientOrderId': 'wjtSqjSskJyukkew1WBaG2', 'transactTime': 1780905820394, 'price': '100000.00000000', 'origQty': '0.00100000', 'executedQty': '0.00000000', 'origQuoteOrderQty': '0.00000000', 'cummulativeQuoteQty': '0.00000000', 'status': 'NEW', 'timeInForce': 'GTC', 'type': 'LIMIT', 'side': 'SELL', 'workingTime': 1780905820394, 'fills': [], 'selfTradePreventionMode': 'EXPIRE_MAKER'}
